<?xml version="1.0" encoding="UTF-8"?>
<!-- Generated by org.testng.reporters.JUnitReportReporter -->
<testsuite hostname="DESKTOP-Q23L2F9" failures="0" tests="1" name="testCase.TC001_AccountRegistration" time="3.514" errors="0" timestamp="2025-07-13T23:20:47 IST" skipped="0">
  <testcase classname="testCase.TC001_AccountRegistration" name="verifyAccountRegistration" time="3.514"/>
</testsuite> <!-- testCase.TC001_AccountRegistration -->
