<?xml version="1.0" encoding="UTF-8"?>
<!-- Generated by org.testng.reporters.JUnitReportReporter -->
<testsuite hostname="DESKTOP-Q23L2F9" failures="0" tests="1" name="testCase.TC002_LoginTest" time="2.538" errors="0" timestamp="2025-07-13T23:22:47 IST" skipped="0">
  <testcase classname="testCase.TC002_LoginTest" name="verifyLogin" time="2.538"/>
</testsuite> <!-- testCase.TC002_LoginTest -->
